<?xml version="1.0" encoding="UTF-8"?>
<!-- Generated by org.testng.reporters.JUnitXMLReporter -->
<testsuite ignored="14" hostname="Ganesh" failures="0" tests="8" name="edge" time="238.726" errors="0" timestamp="20 May 2022 10:06:29 GMT">
  <testcase classname="com.vtiger.campaignTest.CreateCampaignWithProductTest" name="createCampaignWithProductTest" time="28.665"/>
  <testcase classname="com.vtiger.documentsTest.CreateDocumentsTest" name="createCampaignTest" time="13.8"/>
  <testcase classname="com.vtiger.campaignTest.CreateCampaignTest" name="createCampaignTest" time="13.999"/>
  <testcase classname="com.vtiger.contactsTest.CreateContactWithOrganizationTest" name="createContactWithOrganizationTest" time="31.657"/>
  <testcase classname="com.vtiger.productsTest.CreateProductsTest" name="createProductsTest" time="17.802"/>
  <testcase classname="com.vtiger.organizationTest.CreateOrgSelectIndustryTest" name="createOrganizationTest" time="19.262"/>
  <testcase classname="com.vtiger.organizationTest.CreateOrganizationTest" name="createOrganizationTest" time="19.275"/>
  <testcase classname="com.vtiger.contactsTest.CreateContactsTest" name="createContactsTest" time="16.371"/>
  <testcase classname="com.sdet34l1.genericlibrary.BaseClass" name="@AfterSuite afterSuiteTest" time="0.0">
    <ignored/>
  </testcase> <!-- @AfterSuite afterSuiteTest -->
  <testcase classname="com.sdet34l1.genericlibrary.BaseClass" name="@AfterSuite afterSuiteTest" time="0.0">
    <ignored/>
  </testcase> <!-- @AfterSuite afterSuiteTest -->
  <testcase classname="com.sdet34l1.genericlibrary.BaseClass" name="@AfterSuite afterSuiteTest" time="0.0">
    <ignored/>
  </testcase> <!-- @AfterSuite afterSuiteTest -->
  <testcase classname="com.sdet34l1.genericlibrary.BaseClass" name="@AfterSuite afterSuiteTest" time="0.0">
    <ignored/>
  </testcase> <!-- @AfterSuite afterSuiteTest -->
  <testcase classname="com.sdet34l1.genericlibrary.BaseClass" name="@AfterSuite afterSuiteTest" time="0.0">
    <ignored/>
  </testcase> <!-- @AfterSuite afterSuiteTest -->
  <testcase classname="com.sdet34l1.genericlibrary.BaseClass" name="@AfterSuite afterSuiteTest" time="0.0">
    <ignored/>
  </testcase> <!-- @AfterSuite afterSuiteTest -->
  <testcase classname="com.sdet34l1.genericlibrary.BaseClass" name="@AfterSuite afterSuiteTest" time="0.0">
    <ignored/>
  </testcase> <!-- @AfterSuite afterSuiteTest -->
  <testcase classname="com.sdet34l1.genericlibrary.BaseClass" name="@BeforeSuite beforesuiteTest" time="0.0">
    <ignored/>
  </testcase> <!-- @BeforeSuite beforesuiteTest -->
  <testcase classname="com.sdet34l1.genericlibrary.BaseClass" name="@BeforeSuite beforesuiteTest" time="0.0">
    <ignored/>
  </testcase> <!-- @BeforeSuite beforesuiteTest -->
  <testcase classname="com.sdet34l1.genericlibrary.BaseClass" name="@BeforeSuite beforesuiteTest" time="0.0">
    <ignored/>
  </testcase> <!-- @BeforeSuite beforesuiteTest -->
  <testcase classname="com.sdet34l1.genericlibrary.BaseClass" name="@BeforeSuite beforesuiteTest" time="0.0">
    <ignored/>
  </testcase> <!-- @BeforeSuite beforesuiteTest -->
  <testcase classname="com.sdet34l1.genericlibrary.BaseClass" name="@BeforeSuite beforesuiteTest" time="0.0">
    <ignored/>
  </testcase> <!-- @BeforeSuite beforesuiteTest -->
  <testcase classname="com.sdet34l1.genericlibrary.BaseClass" name="@BeforeSuite beforesuiteTest" time="0.0">
    <ignored/>
  </testcase> <!-- @BeforeSuite beforesuiteTest -->
  <testcase classname="com.sdet34l1.genericlibrary.BaseClass" name="@BeforeSuite beforesuiteTest" time="0.0">
    <ignored/>
  </testcase> <!-- @BeforeSuite beforesuiteTest -->
</testsuite> <!-- edge -->
