<?xml version="1.0" encoding="UTF-8"?>
<!-- Generated by org.testng.reporters.JUnitXMLReporter -->
<testsuite ignored="6" hostname="Ganesh" failures="0" tests="4" name="Test1" time="121.513" errors="0" timestamp="20 May 2022 05:45:13 GMT">
  <testcase classname="com.vtiger.contactsTest.CreateContactWithOrganizationTest" name="createContactWithOrganizationTest" time="32.576"/>
  <testcase classname="com.vtiger.productsTest.CreateProductsTest" name="createProductsTest" time="15.736"/>
  <testcase classname="com.vtiger.organizationTest.CreateOrgSelectIndustryTest" name="createOrganizationTest" time="17.166"/>
  <testcase classname="com.vtiger.organizationTest.CreateOrganizationTest" name="createOrganizationTest" time="17.416"/>
  <testcase classname="com.sdet34l1.genericlibrary.BaseClass" name="@AfterSuite afterSuiteTest" time="0.0">
    <ignored/>
  </testcase> <!-- @AfterSuite afterSuiteTest -->
  <testcase classname="com.sdet34l1.genericlibrary.BaseClass" name="@AfterSuite afterSuiteTest" time="0.0">
    <ignored/>
  </testcase> <!-- @AfterSuite afterSuiteTest -->
  <testcase classname="com.sdet34l1.genericlibrary.BaseClass" name="@AfterSuite afterSuiteTest" time="0.0">
    <ignored/>
  </testcase> <!-- @AfterSuite afterSuiteTest -->
  <testcase classname="com.sdet34l1.genericlibrary.BaseClass" name="@BeforeSuite beforesuiteTest" time="0.0">
    <ignored/>
  </testcase> <!-- @BeforeSuite beforesuiteTest -->
  <testcase classname="com.sdet34l1.genericlibrary.BaseClass" name="@BeforeSuite beforesuiteTest" time="0.0">
    <ignored/>
  </testcase> <!-- @BeforeSuite beforesuiteTest -->
  <testcase classname="com.sdet34l1.genericlibrary.BaseClass" name="@BeforeSuite beforesuiteTest" time="0.0">
    <ignored/>
  </testcase> <!-- @BeforeSuite beforesuiteTest -->
</testsuite> <!-- Test1 -->
