<?xml version="1.0" encoding="UTF-8"?>
<!-- Generated by org.testng.reporters.JUnitXMLReporter -->
<testsuite ignored="4" hostname="Ganesh" failures="0" tests="3" name="Test2" time="97.676" errors="0" timestamp="20 May 2022 05:44:49 GMT">
  <testcase classname="com.vtiger.contactsTest.CreateContactWithOrganizationTest" name="createContactWithOrganizationTest" time="31.251"/>
  <testcase classname="com.vtiger.productsTest.CreateProductsTest" name="createProductsTest" time="15.671"/>
  <testcase classname="com.vtiger.organizationTest.CreateOrgSelectIndustryTest" name="createOrganizationTest" time="16.99"/>
  <testcase classname="com.sdet34l1.genericlibrary.BaseClass" name="@AfterSuite afterSuiteTest" time="0.0">
    <ignored/>
  </testcase> <!-- @AfterSuite afterSuiteTest -->
  <testcase classname="com.sdet34l1.genericlibrary.BaseClass" name="@AfterSuite afterSuiteTest" time="0.0">
    <ignored/>
  </testcase> <!-- @AfterSuite afterSuiteTest -->
  <testcase classname="com.sdet34l1.genericlibrary.BaseClass" name="@BeforeSuite beforesuiteTest" time="0.0">
    <ignored/>
  </testcase> <!-- @BeforeSuite beforesuiteTest -->
  <testcase classname="com.sdet34l1.genericlibrary.BaseClass" name="@BeforeSuite beforesuiteTest" time="0.0">
    <ignored/>
  </testcase> <!-- @BeforeSuite beforesuiteTest -->
</testsuite> <!-- Test2 -->
